[2026-03-20 12:55:44] --- TRANSLATION PROCESS STARTED ---
[2026-03-20 12:55:44] Initializing Translator (EN -> BN)...
[2026-03-20 12:55:47] Model loaded successfully.
[2026-03-20 12:55:47] Found 5371 English files to translate.
[2026-03-20 12:55:47] [21/5371] Processing: 1951~scr_1951_1_747_1125_e.txt...
[2026-03-20 13:07:22] [22/5371] Processing: 2023~wpa_25367_e.txt...
[2026-03-20 13:07:29] [23/5371] Processing: 1961~scr_1961_3_181_185_e.txt...
[2026-03-20 13:07:38] [24/5371] Processing: 1999~scr_1999_3_512_512_e.txt...
[2026-03-20 13:07:40] [25/5371] Processing: 2006~scr_2006_3_533_535_e.txt...
[2026-03-20 13:07:58] [26/5371] Processing: 1996~scr_1996_1_24_25_e.txt...
[2026-03-20 13:08:00] [27/5371] Processing: 2022~ts_1_e.txt...
[2026-03-20 13:08:21] [28/5371] Processing: 1997~scr_1997_3_330_332_e.txt...
[2026-03-20 13:08:26] [29/5371] Processing: 1960~scr_1960_3_397_406_e.txt...
[2026-03-20 13:08:49] [30/5371] Processing: 2023~co_1698_e.txt...
[2026-03-20 13:09:47] [31/5371] Processing: 2022~crr_2886_e.txt...
[2026-03-20 13:10:49] [32/5371] Processing: 2013~scr_2013_8_1_14_e.txt...
[2026-03-20 13:11:12] [33/5371] Processing: 2001~scr_S_2001_5_313_316_e.txt...
[2026-03-20 13:11:20] [34/5371] Processing: 2006~scr_S_2006_3_96_99_e.txt...
[2026-03-20 13:11:28] [35/5371] Processing: 1963~scr_1963_2_47_52_e.txt...
[2026-03-20 13:11:35] [36/5371] Processing: 1961~scr_1961_3_267_271_e.txt...
[2026-03-20 13:11:44] [37/5371] Processing: 2001~scr_S_2001_1_383_386_e.txt...
[2026-03-20 13:11:52] [38/5371] Processing: 2020~wpa_11673_e.txt...
[2026-03-20 13:12:19] [39/5371] Processing: 2001~scr_2001_2_182_185_e.txt...
[2026-03-20 13:12:27] [40/5371] Processing: 1964~scr_1964_6_172_181_e.txt...
[2026-03-20 13:12:45] [41/5371] Processing: 2023~wpa_24419_e.txt...
[2026-03-20 13:12:51] [42/5371] Processing: 2009~scr_2009_6_260_261_e.txt...
[2026-03-20 13:12:53] [43/5371] Processing: 2018~wpa_7060_e.txt...
[2026-03-20 13:12:59] [44/5371] Processing: 2009~scr_2009_14_611_626_e.txt...
[2026-03-20 13:13:28] [45/5371] Processing: 2013~scr_2013_2_116_125_e.txt...
[2026-03-20 13:13:46] [46/5371] Processing: 1995~scr_1995_6_784_785_e.txt...
[2026-03-20 13:13:49] [47/5371] Processing: 2012~scr_2012_11_404_413_e.txt...
[2026-03-20 13:14:13] [48/5371] Processing: 2023~wpa_28723_e.txt...
[2026-03-20 13:14:15] [49/5371] Processing: 1954~scr_1954_1_435_444_e.txt...
[2026-03-20 13:14:31] [50/5371] Processing: 1995~scr_1995_3_905_919_e.txt...
[2026-03-20 13:15:18] [51/5371] Processing: 2001~scr_2001_2_684_690_e.txt...
[2026-03-20 13:15:33] [52/5371] Processing: 2020~fmat_313_e.txt...
[2026-03-20 13:16:09] [53/5371] Processing: 1952~scr_1952_1_18_27_e.txt...
[2026-03-20 13:16:24] [54/5371] Processing: 1997~scr_1997_1_451_453_e.txt...
[2026-03-20 13:16:28] [55/5371] Processing: 1995~scr_1995_2_519_520_e.txt...
[2026-03-20 13:16:31] [56/5371] Processing: 1955~scr_1955_2_857_866_e.txt...
[2026-03-20 13:16:49] [57/5371] Processing: 1972~scr_1972_1_517_524_e.txt...
[2026-03-20 13:17:06] [58/5371] Processing: 2007~scr_2007_4_179_182_e.txt...
[2026-03-20 13:17:13] [59/5371] Processing: 1980~scr_1980_1_589_592_e.txt...
[2026-03-20 13:17:21] [60/5371] Processing: 2021~mat_993_e.txt...
[2026-03-20 13:18:03] [61/5371] Processing: 2013~scr_2013_7_570_575_e.txt...
[2026-03-20 13:18:14] [62/5371] Processing: 2004~scr_2004_1_529_531_e.txt...
[2026-03-20 13:18:26] [63/5371] Processing: 2008~scr_2008_2_182_184_e.txt...
[2026-03-20 13:18:38] [64/5371] Processing: 1996~scr_1996_1_815_817_e.txt...
[2026-03-20 13:18:43] [65/5371] Processing: 1962~scr_1962_1_319_325_e.txt...
[2026-03-20 13:18:55] [66/5371] Processing: 2000~scr_2000_2_1272_1275_e.txt...
[2026-03-20 13:19:02] [67/5371] Processing: 2023~crr_2653_e.txt...
[2026-03-20 13:20:36] [68/5371] Processing: 1997~scr_S_1997_5_459_462_e.txt...
[2026-03-20 13:20:46] [69/5371] Processing: 2004~scr_2004_4_734_743_e.txt...
[2026-03-20 13:21:07] [70/5371] Processing: 2023~wpa_27674_e.txt...
[2026-03-20 13:21:19] [71/5371] Processing: 1990~scr_S_1990_1_507_513_e.txt...
[2026-03-20 13:21:33] [72/5371] Processing: 1962~scr_1962_1_306_314_e.txt...
[2026-03-20 13:21:50] [73/5371] Processing: 1996~scr_1996_5_640_642_e.txt...
[2026-03-20 13:21:56] [74/5371] Processing: 2002~scr_2002_2_217_219_e.txt...
[2026-03-20 13:22:02] [75/5371] Processing: 2008~scr_2008_12_805_807_e.txt...
[2026-03-20 13:22:07] [76/5371] Processing: 2006~scr_S_2006_4_682_695_e.txt...
[2026-03-20 13:22:55] [77/5371] Processing: 2002~scr_2002_2_598_606_e.txt...
[2026-03-20 13:23:13] [78/5371] Processing: 2003~scr_2003_2_994_996_e.txt...
[2026-03-20 13:23:31] [79/5371] Processing: 1965~scr_1965_2_713_719_e.txt...
[2026-03-20 13:23:56] [80/5371] Processing: 2002~scr_2002_1_599_604_e.txt...
[2026-03-20 13:24:08] [81/5371] Processing: 2006~scr_2006_9_277_279_e.txt...
[2026-03-20 13:24:13] [82/5371] Processing: 2004~scr_2004_3_315_329_e.txt...
[2026-03-20 13:24:43] [83/5371] Processing: 1996~scr_1996_4_316_318_e.txt...
[2026-03-20 13:25:00] [84/5371] Processing: 2013~scr_2013_1_327_335_e.txt...
[2026-03-20 13:25:27] [85/5371] Processing: 1962~scr_1962_3_102_108_e.txt...
[2026-03-20 13:25:39] [86/5371] Processing: 1958~scr_1958_1_548_552_e.txt...
[2026-03-20 13:25:48] [87/5371] Processing: 2002~scr_2002_3_520_529_e.txt...
[2026-03-20 13:26:17] [88/5371] Processing: 2010~scr_2010_3_353_366_e.txt...
[2026-03-20 13:27:08] [89/5371] Processing: 2006~scr_2006_3_448_450_e.txt...
[2026-03-20 13:27:13] [90/5371] Processing: 1995~scr_1995_3_726_728_e.txt...
[2026-03-20 13:27:18] [91/5371] Processing: 1997~scr_1997_3_526_527_e.txt...
[2026-03-20 13:27:23] [92/5371] Processing: 1996~scr_S_1996_1_290_292_e.txt...
[2026-03-20 13:27:27] [93/5371] Processing: 1965~scr_1965_3_86_90_e.txt...
[2026-03-20 13:27:40] [94/5371] Processing: 2002~scr_2002_2_1147_1156_e.txt...
[2026-03-20 13:28:15] [95/5371] Processing: 1996~scr_1996_3_870_871_e.txt...
[2026-03-20 13:28:18] [96/5371] Processing: 2000~scr_2000_3_1201_1203_e.txt...
[2026-03-20 13:28:25] [97/5371] Processing: 2022~wp.ct_139_e.txt...
[2026-03-20 13:28:36] [98/5371] Processing: 2006~scr_S_2006_8_212_215_e.txt...
[2026-03-20 13:28:45] [99/5371] Processing: 2023~wpa_23481_e.txt...
[2026-03-20 13:28:48] [100/5371] Processing: 2022~fa_208_e.txt...
[2026-03-20 13:29:22] [101/5371] Processing: 1977~scr_1977_1_194_201_e.txt...
[2026-03-20 13:29:39] [102/5371] Processing: 1971~scr_1971_1_46_48_e.txt...
[2026-03-20 13:29:45] [103/5371] Processing: 1989~scr_S_1989_2_314_322_e.txt...
[2026-03-20 13:30:00] [104/5371] Processing: 1965~scr_1965_2_868_876_e.txt...
[2026-03-20 13:30:21] [105/5371] Processing: 1964~scr_1964_1_481_487_e.txt...
[2026-03-20 13:30:34] [106/5371] Processing: 2005~scr_S_2005_1_825_828_e.txt...
[2026-03-20 13:30:40] [107/5371] Processing: 1997~scr_1997_1_470_471_e.txt...
[2026-03-20 13:30:44] [108/5371] Processing: 2022~sa_123_e.txt...
[2026-03-20 13:31:19] [109/5371] Processing: 1994~scr_1994_3_471_485_e.txt...
[2026-03-20 13:31:48] [110/5371] Processing: 2014~scr_2014_4_262_263_e.txt...
[2026-03-20 13:31:49] [111/5371] Processing: 1996~scr_1996_2_757_758_e.txt...
[2026-03-20 13:31:52] [112/5371] Processing: 1962~scr_1962_1_314_319_e.txt...
[2026-03-20 13:32:08] [113/5371] Processing: 1965~scr_1965_3_161_167_e.txt...
[2026-03-20 13:32:24] [114/5371] Processing: 1996~scr_1996_2_917_918_e.txt...
[2026-03-20 13:32:28] [115/5371] Processing: 2001~scr_2001_2_984_987_e.txt...
[2026-03-20 13:32:36] [116/5371] Processing: 2006~scr_S_2006_6_30_33_e.txt...
[2026-03-20 13:32:42] [117/5371] Processing: 2023~wp.st_158_e.txt...
[2026-03-20 13:32:51] [118/5371] Processing: 2007~scr_2007_12_1144_1147_e.txt...
[2026-03-20 13:32:58] [119/5371] Processing: 2009~scr_2009_6_931_932_e.txt...
[2026-03-20 13:33:02] [120/5371] Processing: 2004~scr_S_2004_4_760_763_e.txt...
[2026-03-20 13:33:09] [121/5371] Processing: 19688~scr_1968_2_306_310_e.txt...
[2026-03-20 13:33:20] [122/5371] Processing: 2008~scr_2008_2_984_991_e.txt...
[2026-03-20 13:33:35] [123/5371] Processing: 1999~scr_S_1999_2_660_663_e.txt...
[2026-03-20 13:33:43] [124/5371] Processing: 1993~scr_S_1993_3_381_386_e.txt...
[2026-03-20 13:33:56] [125/5371] Processing: 2023~wpa_22750_e.txt...
[2026-03-20 13:33:58] [126/5371] Processing: 2008~scr_2008_7_877_886_e.txt...
[2026-03-20 13:34:17] [127/5371] Processing: 1991~scr_1991_2_188_190_e.txt...
[2026-03-20 13:34:23] [128/5371] Processing: 1996~scr_1996_5_531_532_e.txt...
[2026-03-20 13:34:27] [129/5371] Processing: 1992~scr_1992_1_22_30_e.txt...
[2026-03-20 13:35:01] [130/5371] Processing: 1991~scr_1991_1_250_252_e.txt...
[2026-03-20 13:35:06] [131/5371] Processing: 1963~scr_1963_3_650_659_e.txt...
[2026-03-20 13:35:21] [132/5371] Processing: 2010~scr_2010_7_1048_1060_e.txt...
[2026-03-20 13:35:45] [133/5371] Processing: 2004~scr_2004_2_369_372_e.txt...
[2026-03-20 13:35:52] [134/5371] Processing: 1962~scr_1962_1_189_194_e.txt...
[2026-03-20 13:36:03] [135/5371] Processing: 1952~scr_1952_1_513_518_e.txt...
[2026-03-20 13:36:14] [136/5371] Processing: 2006~scr_2006_5_264_273_e.txt...
[2026-03-20 13:36:35] [137/5371] Processing: 1996~scr_1996_9_686_687_e.txt...
[2026-03-20 13:36:38] [138/5371] Processing: 1980~scr_1980_1_498_505_e.txt...
[2026-03-20 13:37:01] [139/5371] Processing: 2001~scr_2001_3_525_533_e.txt...
[2026-03-20 13:37:21] [140/5371] Processing: 2023~wpa_154_e.txt...
[2026-03-20 13:37:39] [141/5371] Processing: 2011~scr_2011_1_321_323_e.txt...
[2026-03-20 13:37:45] [142/5371] Processing: 2023~wpa_12245_e.txt...
[2026-03-20 13:37:47] [143/5371] Processing: 1965~scr_1965_2_622_629_e.txt...
[2026-03-20 13:38:03] [144/5371] Processing: 1996~scr_1996_4_356_358_e.txt...
[2026-03-20 13:38:11] [145/5371] Processing: 2008~scr_2008_5_531_537_e.txt...
[2026-03-20 13:38:53] [146/5371] Processing: 2022~wpa_22336_e.txt...
[2026-03-20 13:39:19] [147/5371] Processing: 2009~fma_378_e.txt...
[2026-03-20 13:39:37] [148/5371] Processing: 1994~scr_S_1994_3_214_216_e.txt...
[2026-03-20 13:39:41] [149/5371] Processing: 2008~scr_2008_2_22_27_e.txt...
[2026-03-20 13:39:52] [150/5371] Processing: 2022~scr_2022_13_123_137_e.txt...
[2026-03-20 13:40:23] [151/5371] Processing: 1973~scr_1973_3_649_654_e.txt...
[2026-03-20 13:40:47] [152/5371] Processing: 2020~crr_597_e.txt...
[2026-03-20 13:41:12] [153/5371] Processing: 1956~scr_1956_1_62_71_e.txt...
[2026-03-20 13:41:30] [154/5371] Processing: 2009~scr_2009_1_723_725_e.txt...
[2026-03-20 13:41:33] [155/5371] Processing: 2008~scr_2008_9_535_548_e.txt...
[2026-03-20 13:42:09] [156/5371] Processing: 1998~scr_1998_1_646_646_e.txt...
[2026-03-20 13:42:11] [157/5371] Processing: 1976~scr_1976_1_237_245_e.txt...
[2026-03-20 13:42:32] [158/5371] Processing: 2007~scr_2007_10_149_152_e.txt...
[2026-03-20 13:42:39] [159/5371] Processing: 2008~scr_2008_4_903_908_e.txt...
[2026-03-20 13:42:48] [160/5371] Processing: 1996~scr_1996_2_1035_1035_e.txt...
[2026-03-20 13:42:51] [161/5371] Processing: 2022~crr_1213_e.txt...
[2026-03-20 13:42:52] [162/5371] Processing: 2011~scr_2011_9_328_341_e.txt...
[2026-03-20 13:43:33] [163/5371] Processing: 1992~scr_1992_3_267_281_e.txt...
[2026-03-20 13:44:01] [164/5371] Processing: 2006~scr_2006_10_1147_1156_e.txt...
[2026-03-20 13:44:20] [165/5371] Processing: 2013~scr_2013_12_397_399_e.txt...
[2026-03-20 13:44:27] [166/5371] Processing: 2022~wpa_4166_e.txt...
[2026-03-20 13:44:43] [167/5371] Processing: 2007~scr_2007_L 0_785_791_e.txt...
[2026-03-20 13:44:57] [168/5371] Processing: 1952~scr_1952_1_179_193_e.txt...
[2026-03-20 13:45:21] [169/5371] Processing: 1958~scr_1958_1_387_396_e.txt...
[2026-03-20 13:45:38] [170/5371] Processing: 1993~scr_1993_3_900_902_e.txt...
[2026-03-20 13:45:43] [171/5371] Processing: 2023~ca_3462_e.txt...
[2026-03-20 13:45:56] [172/5371] Processing: 2007~scr_2007_7_1039_1042_e.txt...
[2026-03-20 13:46:05] [173/5371] Processing: 1996~scr_1996_5_533_535_e.txt...
[2026-03-20 13:46:10] [174/5371] Processing: 2003~scr_2003_6_945_947_e.txt...
[2026-03-20 13:46:16] [175/5371] Processing: 1997~scr_1997_1_374_376_e.txt...
[2026-03-20 13:46:21] [176/5371] Processing: 2011~scr_2011_4_174_175_e.txt...
[2026-03-20 13:46:24] [177/5371] Processing: 2007~scr_2007_4_764_767_e.txt...
[2026-03-20 13:46:35] [178/5371] Processing: 2006~scr_2006_10_1_14_e.txt...
[2026-03-20 13:47:19] [179/5371] Processing: 2001~scr_2001_1_466_468_e.txt...
[2026-03-20 13:47:25] [180/5371] Processing: 2001~scr_2001_2_644_653_e.txt...
[2026-03-20 13:47:49] [181/5371] Processing: 2010~crr_3_e.txt...
[2026-03-20 13:48:06] [182/5371] Processing: 1955~scr_1955_1_1055_1064_e.txt...
[2026-03-20 13:48:23] [183/5371] Processing: 2015~wp.st_187_e.txt...
[2026-03-20 13:48:30] [184/5371] Processing: 1995~scr_1995_1_104_106_e.txt...
[2026-03-20 13:48:35] [185/5371] Processing: 1997~scr_1997_2_1131_1132_e.txt...
[2026-03-20 13:48:39] [186/5371] Processing: 2023~crr_1037_e.txt...
[2026-03-20 13:48:41] [187/5371] Processing: 1955~scr_1955_2_524_530_e.txt...
[2026-03-20 13:48:53] [188/5371] Processing: 2008~scr_2008_2_731_736_e.txt...
[2026-03-20 13:49:02] [189/5371] Processing: 2016~co_1795_e.txt...
[2026-03-20 13:49:23] [190/5371] Processing: 2008~scr_2008_2_86_94_B_e.txt...
[2026-03-20 13:49:52] [191/5371] Processing: 2002~scr_2002_4_364_365_e.txt...
[2026-03-20 13:49:56] [192/5371] Processing: 2020~crr_1057_e.txt...
[2026-03-20 13:50:19] [193/5371] Processing: 2023~wpa_28357_e.txt...
[2026-03-20 13:50:22] [194/5371] Processing: 1961~scr_1961_2_133_142_e.txt...
[2026-03-20 13:50:37] [195/5371] Processing: 2008~scr_2008_5_516_521_e.txt...
[2026-03-20 13:50:49] [196/5371] Processing: 2014~crr_1327_e.txt...
[2026-03-20 13:51:44] [197/5371] Processing: 1994~scr_S_1994_1_445_451_e.txt...
[2026-03-20 13:51:57] [198/5371] Processing: 1994~scr_S_1994_2_709_711_e.txt...
[2026-03-20 13:52:03] [199/5371] Processing: 2023~wp.st_194_e.txt...
[2026-03-20 13:52:09] [200/5371] Processing: 1995~scr_S_1995_5_579_581_e.txt...
[2026-03-20 13:52:13] [201/5371] Processing: 2022~mat_586_e.txt...
[2026-03-20 13:53:02] [202/5371] Processing: 1997~scr_1997_3_875_877_e.txt...
[2026-03-20 13:53:06] [203/5371] Processing: 2001~scr_2001_3_591_599_e.txt...
[2026-03-20 13:53:36] [204/5371] Processing: 1997~scr_1997_2_625_627_e.txt...
[2026-03-20 13:53:43] [205/5371] Processing: 1962~scr_1962_2_942_947_e.txt...
[2026-03-20 13:53:54] [206/5371] Processing: 2021~crr_1620_e.txt...
[2026-03-20 13:54:32] [207/5371] Processing: 2007~scr_2007_2_804_806_e.txt...
[2026-03-20 13:54:38] [208/5371] Processing: 1956~scr_1956_1_28_42_e.txt...
[2026-03-20 13:55:05] [209/5371] Processing: 1995~scr_1995_3_309_311_e.txt...
[2026-03-20 13:55:23] [210/5371] Processing: 1996~scr_1996_6_607_609_e.txt...
[2026-03-20 13:55:28] [211/5371] Processing: 1995~scr_1995_3_447_449_e.txt...
[2026-03-20 13:55:33] [212/5371] Processing: 2006~scr_S_2006_1_490_496_e.txt...
[2026-03-20 13:55:46] [213/5371] Processing: 2006~scr_S_2006_10_283_286_e.txt...
[2026-03-20 13:55:53] [214/5371] Processing: 1996~scr_1996_1_472_474_e.txt...
[2026-03-20 13:55:59] [215/5371] Processing: 1955~scr_1955_2_919_924_e.txt...
[2026-03-20 13:56:10] [216/5371] Processing: 1980~scr_1980_1_1098_1103_e.txt...
[2026-03-20 13:56:25] [217/5371] Processing: 2019~ca_5932_e.txt...
[2026-03-20 13:56:35] [218/5371] Processing: 2009~scr_2009_5_333_343_e.txt...
[2026-03-20 13:57:00] [219/5371] Processing: 1995~scr_1995_5_177_178_e.txt...
[2026-03-20 13:57:03] [220/5371] Processing: 1959~scr_1959_1_861_867_e.txt...
[2026-03-20 13:57:16] [221/5371] Processing: 1996~scr_S_1996_8_560_563_e.txt...
[2026-03-20 13:57:25] [222/5371] Processing: 1994~scr_S_1994_6_88_90_e.txt...
[2026-03-20 13:57:29] [223/5371] Processing: 2008~scr_2008_1_1021_1029_e.txt...
[2026-03-20 13:57:45] [224/5371] Processing: 2004~scr_S_2004_3_590_596_e.txt...
[2026-03-20 13:57:58] [225/5371] Processing: 1996~scr_S_1996_3_663_665_e.txt...
[2026-03-20 13:58:05] [226/5371] Processing: 1996~scr_1996_7_315_316_e.txt...
[2026-03-20 13:58:09] [227/5371] Processing: 1964~scr_1964_7_838_845_e.txt...
[2026-03-20 13:58:26] [228/5371] Processing: 1994~scr_S_1994_1_354_359_e.txt...
[2026-03-20 13:58:38] [229/5371] Processing: 2013~scr_2013_3_461_463_e.txt...
[2026-03-20 13:58:44] [230/5371] Processing: 2007~scr_2007_8_189_191_e.txt...
[2026-03-20 13:58:49] [231/5371] Processing: 2018~wpa_18548_e.txt...
[2026-03-20 13:59:27] [232/5371] Processing: 1996~scr_1996_1_1017_1019_e.txt...
[2026-03-20 13:59:32] [233/5371] Processing: 2023~wpa_28343_e.txt...
[2026-03-20 13:59:36] [234/5371] Processing: 1964~scr_1964_4_99_190_e.txt...
[2026-03-20 14:02:29] [235/5371] Processing: 2022~sa_152_e.txt...
[2026-03-20 14:02:42] [236/5371] Processing: 1958~scr_1958_1_509_513_e.txt...
[2026-03-20 14:02:51] [237/5371] Processing: 1973~scr_1973_3_762_765_e.txt...
[2026-03-20 14:03:01] [238/5371] Processing: 1980~scr_1980_1_1016_1025_e.txt...
[2026-03-20 14:03:31] [239/5371] Processing: 2009~scr_2009_6_490_492_e.txt...
[2026-03-20 14:03:35] [240/5371] Processing: 1996~scr_1996_5_62_63_e.txt...
[2026-03-20 14:03:39] [241/5371] Processing: 1961~scr_1961_2_1_8_e.txt...
[2026-03-20 14:03:54] [242/5371] Processing: 2019~ca_5824_e.txt...
[2026-03-20 14:04:19] [243/5371] Processing: 1997~scr_1997_3_528_529_e.txt...
[2026-03-20 14:04:23] [244/5371] Processing: 2008~scr_2008_3_920_928_e.txt...
[2026-03-20 14:04:38] [245/5371] Processing: 2009~scr_2009_14_306_309_e.txt...
[2026-03-20 14:04:46] [246/5371] Processing: 1973~scr_1973_1_488_492_e.txt...
[2026-03-20 14:04:58] [247/5371] Processing: 1980~scr_1980_1_233_242_e.txt...
[2026-03-20 14:05:26] [248/5371] Processing: 1991~scr_S_1991_1_219_225_e.txt...
[2026-03-20 14:05:40] [249/5371] Processing: 2001~scr_2001_3_188_194_e.txt...
[2026-03-20 14:05:53] [250/5371] Processing: 1965~scr_1965_3_173_176_e.txt...
[2026-03-20 14:06:03] [251/5371] Processing: 1986~scr_1986_3_547_552_e.txt...
[2026-03-20 14:06:13] [252/5371] Processing: 2003~scr_S_2003_5_386_389_e.txt...
[2026-03-20 14:06:19] [253/5371] Processing: 1964~scr_1964_2_915_920_e.txt...
[2026-03-20 14:06:30] [254/5371] Processing: 2006~scr_S_2006_1_335_341_e.txt...
[2026-03-20 14:06:46] [255/5371] Processing: 1957~scr_1957_1_414_423_e.txt...
[2026-03-20 14:07:06] [256/5371] Processing: 2001~scr_2001_3_329_335_e.txt...
[2026-03-20 14:07:19] [257/5371] Processing: 2022~apot_31_e.txt...
[2026-03-20 14:07:24] [258/5371] Processing: 1994~scr_S_1994_4_191_193_e.txt...
[2026-03-20 14:07:29] [259/5371] Processing: 1996~scr_1996_6_660_661_e.txt...
[2026-03-20 14:07:32] [260/5371] Processing: 1953~scr_1953_1_177_184_e.txt...
[2026-03-20 14:07:44] [261/5371] Processing: 1995~scr_1995_5_471_472_e.txt...
[2026-03-20 14:07:47] [262/5371] Processing: 2023~mat_761_e.txt...
[2026-03-20 14:07:55] [263/5371] Processing: 2023~cra_982_e.txt...
[2026-03-20 14:08:30] [264/5371] Processing: 2017~scr_2017_5_473_487_e.txt...
[2026-03-20 14:09:01] [265/5371] Processing: 1995~scr_S_1995_4_743_745_e.txt...
[2026-03-20 14:09:06] [266/5371] Processing: 1995~scr_1995_2_817_819_e.txt...
[2026-03-20 14:09:11] [267/5371] Processing: 1961~scr_1961_3_174_180_e.txt...
[2026-03-20 14:09:25] [268/5371] Processing: 1996~scr_1996_9_961_962_e.txt...
[2026-03-20 14:09:32] [269/5371] Processing: 2008~scr_2008_5_456_464_e.txt...
[2026-03-20 14:09:58] [270/5371] Processing: 1970~scr_1970_3_288_292_e.txt...
[2026-03-20 14:10:07] [271/5371] Processing: 1997~scr_1997_2_582_584_e.txt...
[2026-03-20 14:10:11] [272/5371] Processing: 1976~scr_1976_1_212_218_e.txt...
[2026-03-20 14:10:27] [273/5371] Processing: 1954~scr_1954_1_558_565_e.txt...
[2026-03-20 14:10:44] [274/5371] Processing: 1960~scr_1960_2_911_917_e.txt...
[2026-03-20 14:10:57] [275/5371] Processing: 1964~scr_1964_5_568_573_e.txt...
[2026-03-20 14:11:08] [276/5371] Processing: 2007~scr_2007_8_233_236_e.txt...
[2026-03-20 14:11:17] [277/5371] Processing: 2015~wpa_25080_e.txt...
[2026-03-20 14:11:25] [278/5371] Processing: 1965~scr_1965_1_393_402_e.txt...
[2026-03-20 14:11:59] [279/5371] Processing: 1996~scr_1996_2_1040_1042_e.txt...
[2026-03-20 14:12:04] [280/5371] Processing: 1959~scr_1959_1_310_318_e.txt...
[2026-03-20 14:12:19] [281/5371] Processing: 1980~scr_1980_1_1104_1113_e.txt...
[2026-03-20 14:12:47] [282/5371] Processing: 2006~scr_S_2006_1_617_623_e.txt...
[2026-03-20 14:13:00] [283/5371] Processing: 2006~scr_S_2006_9_840_843_e.txt...
[2026-03-20 14:13:06] [284/5371] Processing: 1961~scr_1961_3_236_242_e.txt...
[2026-03-20 14:13:19] [285/5371] Processing: 2023~wpa_16495_e.txt...
[2026-03-20 14:14:34] [286/5371] Processing: 2006~scr_2006_3_63_64_e.txt...
[2026-03-20 14:14:40] [287/5371] Processing: 1997~scr_S_1997_6_359_362_e.txt...
[2026-03-20 14:14:54] [288/5371] Processing: 1995~scr_1995_4_623_624_e.txt...
[2026-03-20 14:14:57] [289/5371] Processing: 1961~scr_1961_3_1015_1019_e.txt...
[2026-03-20 14:15:07] [290/5371] Processing: 2014~scr_2014_7_446_460_e.txt...
[2026-03-20 14:15:58] [291/5371] Processing: 2009~scr_2009_2_982_997_e.txt...
[2026-03-20 14:16:45] [292/5371] Processing: 2023~mat_71_e.txt...
[2026-03-20 14:17:25] [293/5371] Processing: 1964~scr_1964_5_905_911_e.txt...
[2026-03-20 14:17:35] [294/5371] Processing: 1965~scr_1965_3_461_466_e.txt...
[2026-03-20 14:17:47] [295/5371] Processing: 2018~wp.ct_54_e.txt...
[2026-03-20 14:17:55] [296/5371] Processing: 1961~scr_1961_1_719_727_e.txt...
[2026-03-20 14:18:13] [297/5371] Processing: 1987~scr_1987_1_867_869_e.txt...
